<?xml version="1.0" encoding="UTF-8"?>
<testng-results ignored="0" total="2" passed="2" failed="0" skipped="0">
  <reporter-output>
  </reporter-output>
  <suite started-at="2023-01-29T21:21:29 IST" name="Suite" finished-at="2023-01-29T21:23:47 IST" duration-ms="138433">
    <groups>
    </groups>
    <test started-at="2023-01-29T21:21:29 IST" name="Test" finished-at="2023-01-29T21:23:47 IST" duration-ms="138433">
      <class name="testscripts.practice_TC01">
        <test-method is-config="true" signature="openApp()[pri:0, instance:testscripts.practice_TC01@4bb33f74]" started-at="2023-01-29T21:23:33 IST" name="openApp" finished-at="2023-01-29T21:23:44 IST" duration-ms="10896" status="PASS">
          <reporter-output>
          </reporter-output>
        </test-method> <!-- openApp -->
        <test-method is-config="true" signature="configu()[pri:0, instance:testscripts.practice_TC01@4bb33f74]" started-at="2023-01-29T21:23:33 IST" name="configu" finished-at="2023-01-29T21:23:33 IST" duration-ms="0" status="PASS">
          <reporter-output>
          </reporter-output>
        </test-method> <!-- configu -->
        <test-method signature="script1()[pri:0, instance:testscripts.practice_TC01@4bb33f74]" started-at="2023-01-29T21:23:44 IST" name="script1" finished-at="2023-01-29T21:23:44 IST" duration-ms="5" status="PASS">
          <reporter-output>
          </reporter-output>
        </test-method> <!-- script1 -->
        <test-method is-config="true" signature="closeApp(org.testng.ITestResult)[pri:0, instance:testscripts.practice_TC01@4bb33f74]" started-at="2023-01-29T21:23:44 IST" name="closeApp" finished-at="2023-01-29T21:23:47 IST" duration-ms="3003" status="PASS">
          <params>
            <param index="0">
              <value>
                <![CDATA[[TestResult name=script1 status=SUCCESS method=practice_TC01.script1()[pri:0, instance:testscripts.practice_TC01@4bb33f74] output={null}]]]>
              </value>
            </param>
          </params>
          <reporter-output>
          </reporter-output>
        </test-method> <!-- closeApp -->
        <test-method is-config="true" signature="aft_c()[pri:0, instance:testscripts.practice_TC01@4bb33f74]" started-at="2023-01-29T21:23:47 IST" name="aft_c" finished-at="2023-01-29T21:23:47 IST" duration-ms="1" status="PASS">
          <reporter-output>
          </reporter-output>
        </test-method> <!-- aft_c -->
      </class> <!-- testscripts.practice_TC01 -->
      <class name="testscripts.TC01">
        <test-method is-config="true" signature="configu()[pri:0, instance:testscripts.TC01@10feca44]" started-at="2023-01-29T21:21:29 IST" name="configu" finished-at="2023-01-29T21:21:29 IST" duration-ms="5" status="PASS">
          <reporter-output>
          </reporter-output>
        </test-method> <!-- configu -->
        <test-method is-config="true" signature="openApp()[pri:0, instance:testscripts.TC01@10feca44]" started-at="2023-01-29T21:21:29 IST" name="openApp" finished-at="2023-01-29T21:21:49 IST" duration-ms="20356" status="PASS">
          <reporter-output>
          </reporter-output>
        </test-method> <!-- openApp -->
        <test-method signature="script1()[pri:0, instance:testscripts.TC01@10feca44]" started-at="2023-01-29T21:21:49 IST" name="script1" finished-at="2023-01-29T21:23:30 IST" duration-ms="101127" status="PASS">
          <reporter-output>
          </reporter-output>
        </test-method> <!-- script1 -->
        <test-method is-config="true" signature="closeApp(org.testng.ITestResult)[pri:0, instance:testscripts.TC01@10feca44]" started-at="2023-01-29T21:23:30 IST" name="closeApp" finished-at="2023-01-29T21:23:33 IST" duration-ms="3011" status="PASS">
          <params>
            <param index="0">
              <value>
                <![CDATA[[TestResult name=script1 status=SUCCESS method=TC01.script1()[pri:0, instance:testscripts.TC01@10feca44] output={null}]]]>
              </value>
            </param>
          </params>
          <reporter-output>
          </reporter-output>
        </test-method> <!-- closeApp -->
        <test-method is-config="true" signature="aft_c()[pri:0, instance:testscripts.TC01@10feca44]" started-at="2023-01-29T21:23:33 IST" name="aft_c" finished-at="2023-01-29T21:23:33 IST" duration-ms="0" status="PASS">
          <reporter-output>
          </reporter-output>
        </test-method> <!-- aft_c -->
      </class> <!-- testscripts.TC01 -->
    </test> <!-- Test -->
  </suite> <!-- Suite -->
</testng-results>
